0 info it worked if it ends with ok
1 verbose cli [ 'C:\\Program Files\\nodejs\\node.exe',
1 verbose cli   'C:\\Users\\vijay\\AppData\\Roaming\\npm\\node_modules\\npm\\bin\\npm-cli.js',
1 verbose cli   'start' ]
2 info using npm@4.1.1
3 info using node@v8.2.1
4 verbose run-script [ 'prestart', 'start', 'poststart' ]
5 info lifecycle demo@1.0.0~prestart: demo@1.0.0
6 silly lifecycle demo@1.0.0~prestart: no script for prestart, continuing
7 info lifecycle demo@1.0.0~start: demo@1.0.0
8 verbose lifecycle demo@1.0.0~start: unsafe-perm in lifecycle true
9 verbose lifecycle demo@1.0.0~start: PATH: C:\Users\vijay\AppData\Roaming\npm\node_modules\npm\bin\node-gyp-bin;D:\work\native-scroll-augment\demo\node_modules\.bin;C:\Users\vijay\cmder\bin;C:\Users\vijay\cmder\vendor\git-for-windows\cmd;C:\Users\vijay\cmder\vendor\conemu-maximus5\ConEmu\Scripts;C:\Users\vijay\cmder\vendor\conemu-maximus5;C:\Users\vijay\cmder\vendor\conemu-maximus5\ConEmu;C:\ProgramData\Oracle\Java\javapath;C:\Program Files\Docker\Docker\Resources\bin;C:\Program Files (x86)\Microsoft SDKs\Azure\CLI2\wbin;C:\Windows\system32;C:\Windows;C:\Windows\System32\Wbem;C:\Windows\System32\WindowsPowerShell\v1.0\;C:\Program Files (x86)\NVIDIA Corporation\PhysX\Common;C:\WINDOWS\system32;C:\WINDOWS;C:\WINDOWS\System32\Wbem;C:\WINDOWS\System32\WindowsPowerShell\v1.0\;C:\ProgramData\chocolatey\bin;C:\HashiCorp\Vagrant\bin;C:\Program Files\nodejs\;C:\Program Files\Microsoft SQL Server\Client SDK\ODBC\130\Tools\Binn\;C:\Program Files (x86)\Microsoft SQL Server\130\Tools\Binn\;C:\Program Files\Microsoft SQL Server\130\Tools\Binn\;C:\Program Files\Microsoft SQL Server\130\DTS\Binn\;C:\Program Files (x86)\Yarn\bin;C:\Program Files (x86)\Microsoft SQL Server\Client SDK\ODBC\130\Tools\Binn\;C:\Program Files (x86)\Microsoft SQL Server\140\Tools\Binn\;C:\Program Files (x86)\Microsoft SQL Server\140\DTS\Binn\;C:\Program Files (x86)\Microsoft SQL Server\140\Tools\Binn\ManagementStudio\;C:\Python2.7;C:\Program Files\Java\jdk1.8.0_152\bin;C:\Python27;C:\Users\vijay\AppData\Local\Microsoft\WindowsApps;C:\Users\vijay\AppData\Local\atom\bin;C:\tools\uru_rt;C:\ProgramData\chocolatey\bin\uru.bat;C:\Ruby21-x64\bin;C:\Program Files\MySQL\MySQL Server 5.6\bin;C:\Users\vijay\AppData\Local\Microsoft\WindowsApps;%DASHLANE_DLL_DIR%;C:\Program Files\Heroku\bin;C:\Users\vijay\AppData\Roaming\npm;C:\Users\vijay\AppData\Local\Yarn\bin;C:\Program Files\Microsoft VS Code\bin;;C:\Users\vijay\cmder\vendor\git-for-windows\usr\bin;C:\Users\vijay\cmder\vendor\git-for-windows\usr\share\vim\vim74;C:\Users\vijay\cmder\
10 verbose lifecycle demo@1.0.0~start: CWD: D:\work\native-scroll-augment\demo
11 silly lifecycle demo@1.0.0~start: Args: [ '/d /s /c', 'parcel watch index.html -p 8080' ]
12 silly lifecycle demo@1.0.0~start: Returned: code: 1  signal: null
13 info lifecycle demo@1.0.0~start: Failed to exec start script
14 verbose stack Error: demo@1.0.0 start: `parcel watch index.html -p 8080`
14 verbose stack Exit status 1
14 verbose stack     at EventEmitter.<anonymous> (C:\Users\vijay\AppData\Roaming\npm\node_modules\npm\lib\utils\lifecycle.js:279:16)
14 verbose stack     at emitTwo (events.js:125:13)
14 verbose stack     at EventEmitter.emit (events.js:213:7)
14 verbose stack     at ChildProcess.<anonymous> (C:\Users\vijay\AppData\Roaming\npm\node_modules\npm\lib\utils\spawn.js:40:14)
14 verbose stack     at emitTwo (events.js:125:13)
14 verbose stack     at ChildProcess.emit (events.js:213:7)
14 verbose stack     at maybeClose (internal/child_process.js:921:16)
14 verbose stack     at Process.ChildProcess._handle.onexit (internal/child_process.js:211:5)
15 verbose pkgid demo@1.0.0
16 verbose cwd D:\work\native-scroll-augment\demo
17 error Windows_NT 10.0.17025
18 error argv "C:\\Program Files\\nodejs\\node.exe" "C:\\Users\\vijay\\AppData\\Roaming\\npm\\node_modules\\npm\\bin\\npm-cli.js" "start"
19 error node v8.2.1
20 error npm  v4.1.1
21 error code ELIFECYCLE
22 error demo@1.0.0 start: `parcel watch index.html -p 8080`
22 error Exit status 1
23 error Failed at the demo@1.0.0 start script 'parcel watch index.html -p 8080'.
23 error Make sure you have the latest version of node.js and npm installed.
23 error If you do, this is most likely a problem with the demo package,
23 error not with npm itself.
23 error Tell the author that this fails on your system:
23 error     parcel watch index.html -p 8080
23 error You can get information on how to open an issue for this project with:
23 error     npm bugs demo
23 error Or if that isn't available, you can get their info via:
23 error     npm owner ls demo
23 error There is likely additional logging output above.
24 verbose exit [ 1, true ]
